{"C:\\Users\\Nata\\Desktop\\Bootcamp\\Phase 2\\Week 3\\IP-HCK67\\server\\controllers\\BookmarkControllers.js": {"path":"C:\\Users\\Nata\\Desktop\\Bootcamp\\Phase 2\\Week 3\\IP-HCK67\\server\\controllers\\BookmarkControllers.js","statementMap":{"0":{"start":{"line":1,"column":15},"end":{"line":1,"column":42}},"1":{"start":{"line":3,"column":23},"end":{"line":14,"column":1}},"2":{"start":{"line":4,"column":4},"end":{"line":13,"column":5}},"3":{"start":{"line":5,"column":25},"end":{"line":5,"column":63}},"4":{"start":{"line":6,"column":21},"end":{"line":6,"column":59}},"5":{"start":{"line":6,"column":48},"end":{"line":6,"column":58}},"6":{"start":{"line":7,"column":8},"end":{"line":7,"column":79}},"7":{"start":{"line":9,"column":8},"end":{"line":9,"column":57}},"8":{"start":{"line":10,"column":8},"end":{"line":12,"column":74}},"9":{"start":{"line":16,"column":24},"end":{"line":31,"column":1}},"10":{"start":{"line":17,"column":15},"end":{"line":17,"column":28}},"11":{"start":{"line":18,"column":4},"end":{"line":30,"column":5}},"12":{"start":{"line":19,"column":20},"end":{"line":19,"column":66}},"13":{"start":{"line":20,"column":8},"end":{"line":24,"column":9}},"14":{"start":{"line":21,"column":12},"end":{"line":21,"column":45}},"15":{"start":{"line":23,"column":12},"end":{"line":23,"column":66}},"16":{"start":{"line":26,"column":8},"end":{"line":26,"column":57}},"17":{"start":{"line":27,"column":8},"end":{"line":29,"column":74}},"18":{"start":{"line":33,"column":23},"end":{"line":45,"column":1}},"19":{"start":{"line":34,"column":17},"end":{"line":34,"column":25}},"20":{"start":{"line":35,"column":15},"end":{"line":35,"column":28}},"21":{"start":{"line":37,"column":4},"end":{"line":44,"column":5}},"22":{"start":{"line":38,"column":8},"end":{"line":38,"column":62}},"23":{"start":{"line":39,"column":8},"end":{"line":39,"column":71}},"24":{"start":{"line":41,"column":8},"end":{"line":43,"column":76}},"25":{"start":{"line":47,"column":23},"end":{"line":58,"column":1}},"26":{"start":{"line":48,"column":15},"end":{"line":48,"column":28}},"27":{"start":{"line":50,"column":4},"end":{"line":57,"column":5}},"28":{"start":{"line":51,"column":8},"end":{"line":51,"column":58}},"29":{"start":{"line":52,"column":8},"end":{"line":52,"column":71}},"30":{"start":{"line":54,"column":8},"end":{"line":56,"column":76}},"31":{"start":{"line":60,"column":20},"end":{"line":71,"column":1}},"32":{"start":{"line":61,"column":17},"end":{"line":61,"column":25}},"33":{"start":{"line":63,"column":4},"end":{"line":70,"column":5}},"34":{"start":{"line":64,"column":23},"end":{"line":64,"column":65}},"35":{"start":{"line":65,"column":8},"end":{"line":65,"column":84}},"36":{"start":{"line":67,"column":8},"end":{"line":69,"column":74}},"37":{"start":{"line":73,"column":31},"end":{"line":91,"column":1}},"38":{"start":{"line":74,"column":4},"end":{"line":90,"column":5}},"39":{"start":{"line":75,"column":39},"end":{"line":75,"column":48}},"40":{"start":{"line":76,"column":20},"end":{"line":80,"column":14}},"41":{"start":{"line":81,"column":4},"end":{"line":85,"column":5}},"42":{"start":{"line":82,"column":8},"end":{"line":82,"column":40}},"43":{"start":{"line":84,"column":8},"end":{"line":84,"column":60}},"44":{"start":{"line":87,"column":8},"end":{"line":89,"column":69}},"45":{"start":{"line":93,"column":0},"end":{"line":100,"column":2}}},"fnMap":{"0":{"name":"(anonymous_0)","decl":{"start":{"line":3,"column":23},"end":{"line":3,"column":24}},"loc":{"start":{"line":3,"column":43},"end":{"line":14,"column":1}},"line":3},"1":{"name":"(anonymous_1)","decl":{"start":{"line":6,"column":39},"end":{"line":6,"column":40}},"loc":{"start":{"line":6,"column":48},"end":{"line":6,"column":58}},"line":6},"2":{"name":"(anonymous_2)","decl":{"start":{"line":16,"column":24},"end":{"line":16,"column":25}},"loc":{"start":{"line":16,"column":44},"end":{"line":31,"column":1}},"line":16},"3":{"name":"(anonymous_3)","decl":{"start":{"line":33,"column":23},"end":{"line":33,"column":24}},"loc":{"start":{"line":33,"column":43},"end":{"line":45,"column":1}},"line":33},"4":{"name":"(anonymous_4)","decl":{"start":{"line":47,"column":23},"end":{"line":47,"column":24}},"loc":{"start":{"line":47,"column":43},"end":{"line":58,"column":1}},"line":47},"5":{"name":"(anonymous_5)","decl":{"start":{"line":60,"column":20},"end":{"line":60,"column":21}},"loc":{"start":{"line":60,"column":40},"end":{"line":71,"column":1}},"line":60},"6":{"name":"(anonymous_6)","decl":{"start":{"line":73,"column":31},"end":{"line":73,"column":32}},"loc":{"start":{"line":73,"column":51},"end":{"line":91,"column":1}},"line":73}},"branchMap":{"0":{"loc":{"start":{"line":20,"column":8},"end":{"line":24,"column":9}},"type":"if","locations":[{"start":{"line":20,"column":8},"end":{"line":24,"column":9}},{"start":{"line":22,"column":15},"end":{"line":24,"column":9}}],"line":20},"1":{"loc":{"start":{"line":81,"column":4},"end":{"line":85,"column":5}},"type":"if","locations":[{"start":{"line":81,"column":4},"end":{"line":85,"column":5}},{"start":{"line":83,"column":11},"end":{"line":85,"column":5}}],"line":81}},"s":{"0":1,"1":1,"2":1,"3":1,"4":1,"5":19,"6":1,"7":0,"8":0,"9":1,"10":2,"11":2,"12":2,"13":2,"14":0,"15":2,"16":0,"17":0,"18":1,"19":1,"20":1,"21":1,"22":1,"23":0,"24":1,"25":1,"26":1,"27":1,"28":1,"29":1,"30":0,"31":1,"32":1,"33":1,"34":1,"35":1,"36":0,"37":1,"38":0,"39":0,"40":0,"41":0,"42":0,"43":0,"44":0,"45":1},"f":{"0":1,"1":19,"2":2,"3":1,"4":1,"5":1,"6":0},"b":{"0":[0,2],"1":[0,0]},"_coverageSchema":"1a1c01bbd47fc00a2c39e90264f33305004495a9","hash":"8ab9c07c1ee416e4e424901019c0ff55428bfd5a"}
,"C:\\Users\\Nata\\Desktop\\Bootcamp\\Phase 2\\Week 3\\IP-HCK67\\server\\libs\\firebase.js": {"path":"C:\\Users\\Nata\\Desktop\\Bootcamp\\Phase 2\\Week 3\\IP-HCK67\\server\\libs\\firebase.js","statementMap":{"0":{"start":{"line":1,"column":26},"end":{"line":1,"column":49}},"1":{"start":{"line":2,"column":20},"end":{"line":2,"column":44}},"2":{"start":{"line":9,"column":23},"end":{"line":17,"column":1}},"3":{"start":{"line":20,"column":17},"end":{"line":20,"column":46}},"4":{"start":{"line":22,"column":12},"end":{"line":22,"column":37}},"5":{"start":{"line":24,"column":21},"end":{"line":24,"column":49}},"6":{"start":{"line":26,"column":0},"end":{"line":29,"column":3}},"7":{"start":{"line":31,"column":11},"end":{"line":31,"column":28}},"8":{"start":{"line":33,"column":13},"end":{"line":33,"column":22}},"9":{"start":{"line":35,"column":0},"end":{"line":40,"column":2}}},"fnMap":{},"branchMap":{},"s":{"0":1,"1":1,"2":1,"3":1,"4":1,"5":1,"6":1,"7":1,"8":1,"9":1},"f":{},"b":{},"_coverageSchema":"1a1c01bbd47fc00a2c39e90264f33305004495a9","hash":"6a8bbe80309f43fbc9a6c696886c8928afc2a7e6"}
,"C:\\Users\\Nata\\Desktop\\Bootcamp\\Phase 2\\Week 3\\IP-HCK67\\server\\routes\\bookmark.js": {"path":"C:\\Users\\Nata\\Desktop\\Bootcamp\\Phase 2\\Week 3\\IP-HCK67\\server\\routes\\bookmark.js","statementMap":{"0":{"start":{"line":1,"column":16},"end":{"line":1,"column":34}},"1":{"start":{"line":3,"column":4},"end":{"line":3,"column":49}},"2":{"start":{"line":4,"column":23},"end":{"line":4,"column":39}},"3":{"start":{"line":6,"column":0},"end":{"line":6,"column":38}},"4":{"start":{"line":7,"column":0},"end":{"line":7,"column":40}},"5":{"start":{"line":8,"column":0},"end":{"line":8,"column":44}},"6":{"start":{"line":9,"column":0},"end":{"line":9,"column":43}},"7":{"start":{"line":10,"column":0},"end":{"line":10,"column":51}},"8":{"start":{"line":11,"column":0},"end":{"line":11,"column":55}},"9":{"start":{"line":13,"column":0},"end":{"line":13,"column":32}}},"fnMap":{},"branchMap":{},"s":{"0":1,"1":1,"2":1,"3":1,"4":1,"5":1,"6":1,"7":1,"8":1,"9":1},"f":{},"b":{},"_coverageSchema":"1a1c01bbd47fc00a2c39e90264f33305004495a9","hash":"f1de3945949d55d29b333485ffd37a964d6e03b0"}
}
