TN:
SF:controllers\BookmarkControllers.js
FN:3,(anonymous_0)
FN:6,(anonymous_1)
FN:16,(anonymous_2)
FN:33,(anonymous_3)
FN:47,(anonymous_4)
FN:60,(anonymous_5)
FN:73,(anonymous_6)
FNF:7
FNH:6
FNDA:1,(anonymous_0)
FNDA:19,(anonymous_1)
FNDA:2,(anonymous_2)
FNDA:1,(anonymous_3)
FNDA:1,(anonymous_4)
FNDA:1,(anonymous_5)
FNDA:0,(anonymous_6)
DA:1,1
DA:3,1
DA:4,1
DA:5,1
DA:6,19
DA:7,1
DA:9,0
DA:10,0
DA:16,1
DA:17,2
DA:18,2
DA:19,2
DA:20,2
DA:21,0
DA:23,2
DA:26,0
DA:27,0
DA:33,1
DA:34,1
DA:35,1
DA:37,1
DA:38,1
DA:39,0
DA:41,1
DA:47,1
DA:48,1
DA:50,1
DA:51,1
DA:52,1
DA:54,0
DA:60,1
DA:61,1
DA:63,1
DA:64,1
DA:65,1
DA:67,0
DA:73,1
DA:74,0
DA:75,0
DA:76,0
DA:81,0
DA:82,0
DA:84,0
DA:87,0
DA:93,1
LF:45
LH:30
BRDA:20,0,0,0
BRDA:20,0,1,2
BRDA:81,1,0,0
BRDA:81,1,1,0
BRF:4
BRH:1
end_of_record
TN:
SF:libs\firebase.js
FNF:0
FNH:0
DA:1,1
DA:2,1
DA:9,1
DA:20,1
DA:22,1
DA:24,1
DA:26,1
DA:31,1
DA:33,1
DA:35,1
LF:10
LH:10
BRF:0
BRH:0
end_of_record
TN:
SF:routes\bookmark.js
FNF:0
FNH:0
DA:1,1
DA:3,1
DA:4,1
DA:6,1
DA:7,1
DA:8,1
DA:9,1
DA:10,1
DA:11,1
DA:13,1
LF:10
LH:10
BRF:0
BRH:0
end_of_record
